# JRE version: Java(TM) SE Runtime Environment (8.0_171-b11) (build 1.8.0_171-b11)
# Java VM: Java HotSpot(TM) 64-Bit Server VM (25.171-b11 mixed mode windows-amd64 compressed oops)
Heap:
 PSYoungGen      total 146432K, used 114560K [0x00000000d5f00000, 0x00000000dfc00000, 0x0000000100000000)
  eden space 133120K, 86% used [0x00000000d5f00000,0x00000000dcee0328,0x00000000de100000)
  from space 13312K, 0% used [0x00000000def00000,0x00000000def00000,0x00000000dfc00000)
  to   space 13824K, 0% used [0x00000000de100000,0x00000000de100000,0x00000000dee80000)
 ParOldGen       total 72704K, used 18286K [0x0000000081c00000, 0x0000000086300000, 0x00000000d5f00000)
  object space 72704K, 25% used [0x0000000081c00000,0x0000000082ddb850,0x0000000086300000)
 Metaspace       used 24377K, capacity 24866K, committed 25088K, reserved 1071104K
  class space    used 2841K, capacity 2998K, committed 3072K, reserved 1048576K
GC Heap History (10 events):
Event: 2.132 GC heap before
{Heap before GC invocations=3 (full 0):
 PSYoungGen      total 38400K, used 38388K [0x00000000d5f00000, 0x00000000daa00000, 0x0000000100000000)
  eden space 33280K, 100% used [0x00000000d5f00000,0x00000000d7f80000,0x00000000d7f80000)
  from space 5120K, 99% used [0x00000000d8480000,0x00000000d897d208,0x00000000d8980000)
  to   space 5120K, 0% used [0x00000000d7f80000,0x00000000d7f80000,0x00000000d8480000)
 ParOldGen       total 87552K, used 2270K [0x0000000081c00000, 0x0000000087180000, 0x00000000d5f00000)
  object space 87552K, 2% used [0x0000000081c00000,0x0000000081e37968,0x0000000087180000)
 Metaspace       used 14857K, capacity 15042K, committed 15232K, reserved 1062912K
  class space    used 1816K, capacity 1907K, committed 1920K, reserved 1048576K
Event: 2.140 GC heap after
Heap after GC invocations=3 (full 0):
 PSYoungGen      total 38400K, used 5104K [0x00000000d5f00000, 0x00000000daa00000, 0x0000000100000000)
  eden space 33280K, 0% used [0x00000000d5f00000,0x00000000d5f00000,0x00000000d7f80000)
  from space 5120K, 99% used [0x00000000d7f80000,0x00000000d847c030,0x00000000d8480000)
  to   space 5120K, 0% used [0x00000000da500000,0x00000000da500000,0x00000000daa00000)
 ParOldGen       total 87552K, used 4631K [0x0000000081c00000, 0x0000000087180000, 0x00000000d5f00000)
  object space 87552K, 5% used [0x0000000081c00000,0x0000000082085ef0,0x0000000087180000)
 Metaspace       used 14857K, capacity 15042K, committed 15232K, reserved 1062912K
  class space    used 1816K, capacity 1907K, committed 1920K, reserved 1048576K
}
Event: 2.937 GC heap before
{Heap before GC invocations=4 (full 0):
 PSYoungGen      total 38400K, used 38384K [0x00000000d5f00000, 0x00000000daa00000, 0x0000000100000000)
  eden space 33280K, 100% used [0x00000000d5f00000,0x00000000d7f80000,0x00000000d7f80000)
  from space 5120K, 99% used [0x00000000d7f80000,0x00000000d847c030,0x00000000d8480000)
  to   space 5120K, 0% used [0x00000000da500000,0x00000000da500000,0x00000000daa00000)
 ParOldGen       total 87552K, used 4631K [0x0000000081c00000, 0x0000000087180000, 0x00000000d5f00000)
  object space 87552K, 5% used [0x0000000081c00000,0x0000000082085ef0,0x0000000087180000)
 Metaspace       used 15308K, capacity 15546K, committed 15872K, reserved 1062912K
  class space    used 1832K, capacity 1943K, committed 2048K, reserved 1048576K
Event: 2.944 GC heap after
Heap after GC invocations=4 (full 0):
 PSYoungGen      total 71680K, used 5088K [0x00000000d5f00000, 0x00000000daa00000, 0x0000000100000000)
  eden space 66560K, 0% used [0x00000000d5f00000,0x00000000d5f00000,0x00000000da000000)
  from space 5120K, 99% used [0x00000000da500000,0x00000000da9f8020,0x00000000daa00000)
  to   space 5120K, 0% used [0x00000000da000000,0x00000000da000000,0x00000000da500000)
 ParOldGen       total 87552K, used 7140K [0x0000000081c00000, 0x0000000087180000, 0x00000000d5f00000)
  object space 87552K, 8% used [0x0000000081c00000,0x00000000822f9118,0x0000000087180000)
 Metaspace       used 15308K, capacity 15546K, committed 15872K, reserved 1062912K
  class space    used 1832K, capacity 1943K, committed 2048K, reserved 1048576K
}
Event: 4.492 GC heap before
{Heap before GC invocations=5 (full 0):
 PSYoungGen      total 71680K, used 71648K [0x00000000d5f00000, 0x00000000daa00000, 0x0000000100000000)
  eden space 66560K, 100% used [0x00000000d5f00000,0x00000000da000000,0x00000000da000000)
  from space 5120K, 99% used [0x00000000da500000,0x00000000da9f8020,0x00000000daa00000)
  to   space 5120K, 0% used [0x00000000da000000,0x00000000da000000,0x00000000da500000)
 ParOldGen       total 87552K, used 7140K [0x0000000081c00000, 0x0000000087180000, 0x00000000d5f00000)
  object space 87552K, 8% used [0x0000000081c00000,0x00000000822f9118,0x0000000087180000)
 Metaspace       used 20440K, capacity 20894K, committed 21120K, reserved 1067008K
  class space    used 2481K, capacity 2641K, committed 2688K, reserved 1048576K
Event: 4.510 GC heap after
Heap after GC invocations=5 (full 0):
 PSYoungGen      total 71680K, used 5120K [0x00000000d5f00000, 0x00000000dfd00000, 0x0000000100000000)
  eden space 66560K, 0% used [0x00000000d5f00000,0x00000000d5f00000,0x00000000da000000)
  from space 5120K, 100% used [0x00000000da000000,0x00000000da500000,0x00000000da500000)
  to   space 14336K, 0% used [0x00000000def00000,0x00000000def00000,0x00000000dfd00000)
 ParOldGen       total 87552K, used 16708K [0x0000000081c00000, 0x0000000087180000, 0x00000000d5f00000)
  object space 87552K, 19% used [0x0000000081c00000,0x0000000082c51338,0x0000000087180000)
 Metaspace       used 20440K, capacity 20894K, committed 21120K, reserved 1067008K
  class space    used 2481K, capacity 2641K, committed 2688K, reserved 1048576K
}
Event: 4.639 GC heap before
{Heap before GC invocations=6 (full 0):
 PSYoungGen      total 71680K, used 14593K [0x00000000d5f00000, 0x00000000dfd00000, 0x0000000100000000)
  eden space 66560K, 14% used [0x00000000d5f00000,0x00000000d6840478,0x00000000da000000)
  from space 5120K, 100% used [0x00000000da000000,0x00000000da500000,0x00000000da500000)
  to   space 14336K, 0% used [0x00000000def00000,0x00000000def00000,0x00000000dfd00000)
 ParOldGen       total 87552K, used 16708K [0x0000000081c00000, 0x0000000087180000, 0x00000000d5f00000)
  object space 87552K, 19% used [0x0000000081c00000,0x0000000082c51338,0x0000000087180000)
 Metaspace       used 20799K, capacity 21182K, committed 21296K, reserved 1069056K
  class space    used 2521K, capacity 2673K, committed 2688K, reserved 1048576K
Event: 4.649 GC heap after
Heap after GC invocations=6 (full 0):
 PSYoungGen      total 146432K, used 9092K [0x00000000d5f00000, 0x00000000dfc00000, 0x0000000100000000)
  eden space 133120K, 0% used [0x00000000d5f00000,0x00000000d5f00000,0x00000000de100000)
  from space 13312K, 68% used [0x00000000def00000,0x00000000df7e1298,0x00000000dfc00000)
  to   space 13824K, 0% used [0x00000000de100000,0x00000000de100000,0x00000000dee80000)
 ParOldGen       total 87552K, used 16708K [0x0000000081c00000, 0x0000000087180000, 0x00000000d5f00000)
  object space 87552K, 19% used [0x0000000081c00000,0x0000000082c51338,0x0000000087180000)
 Metaspace       used 20799K, capacity 21182K, committed 21296K, reserved 1069056K
  class space    used 2521K, capacity 2673K, committed 2688K, reserved 1048576K
}
Event: 4.649 GC heap before
{Heap before GC invocations=7 (full 1):
 PSYoungGen      total 146432K, used 9092K [0x00000000d5f00000, 0x00000000dfc00000, 0x0000000100000000)
  eden space 133120K, 0% used [0x00000000d5f00000,0x00000000d5f00000,0x00000000de100000)
  from space 13312K, 68% used [0x00000000def00000,0x00000000df7e1298,0x00000000dfc00000)
  to   space 13824K, 0% used [0x00000000de100000,0x00000000de100000,0x00000000dee80000)
 ParOldGen       total 87552K, used 16708K [0x0000000081c00000, 0x0000000087180000, 0x00000000d5f00000)
  object space 87552K, 19% used [0x0000000081c00000,0x0000000082c51338,0x0000000087180000)
 Metaspace       used 20799K, capacity 21182K, committed 21296K, reserved 1069056K
  class space    used 2521K, capacity 2673K, committed 2688K, reserved 1048576K
Event: 4.725 GC heap after
Heap after GC invocations=7 (full 1):
 PSYoungGen      total 146432K, used 0K [0x00000000d5f00000, 0x00000000dfc00000, 0x0000000100000000)
  eden space 133120K, 0% used [0x00000000d5f00000,0x00000000d5f00000,0x00000000de100000)
  from space 13312K, 0% used [0x00000000def00000,0x00000000def00000,0x00000000dfc00000)
  to   space 13824K, 0% used [0x00000000de100000,0x00000000de100000,0x00000000dee80000)
 ParOldGen       total 72704K, used 18286K [0x0000000081c00000, 0x0000000086300000, 0x00000000d5f00000)
  object space 72704K, 25% used [0x0000000081c00000,0x0000000082ddb850,0x0000000086300000)
 Metaspace       used 20799K, capacity 21182K, committed 21296K, reserved 1069056K
  class space    used 2521K, capacity 2673K, committed 2688K, reserved 1048576K
}

