<?xml version="1.0" encoding="UTF-8"?>
<!-- Generated by org.testng.reporters.JUnitXMLReporter -->
<testsuite hostname="LAPTOP-PE32G410" ignored="2" name="Test" tests="6" failures="0" timestamp="22 Oct 2019 02:35:38 GMT" time="34.328" errors="0">
  <testcase name="TC_01_landingPage_Validation" time="19.276" classname="com.touchtunes.test.LandingPageTest"/>
  <testcase name="TC_02_chechBoxValidation" time="0.914" classname="com.touchtunes.test.LandingPageTest"/>
  <testcase name="TC_03_ScrollandClick_Validation" time="7.51" classname="com.touchtunes.test.LandingPageTest"/>
  <testcase name="TC_04_languageSelection_Validation" time="1.981" classname="com.touchtunes.test.LandingPageTest"/>
  <testcase name="TC_05_doneBtn_Validation" time="1.951" classname="com.touchtunes.test.LandingPageTest"/>
  <testcase name="TC_06_homePage_Validation" time="2.352" classname="com.touchtunes.test.HomePageTest"/>
  <testcase name="@BeforeSuite loadDriver" time="0.0" classname="com.touchtunes.common.BaseTest">
    <ignored/>
  </testcase> <!-- @BeforeSuite loadDriver -->
  <testcase name="@AfterSuite tearDownDriver" time="0.0" classname="com.touchtunes.common.BaseTest">
    <ignored/>
  </testcase> <!-- @AfterSuite tearDownDriver -->
</testsuite> <!-- Test -->
